{"/Users/mac/Desktop/Github/home-ass-skill/backend/src/routes/items.js": {"path":"/Users/mac/Desktop/Github/home-ass-skill/backend/src/routes/items.js","statementMap":{"0":{"start":{"line":1,"column":16},"end":{"line":1,"column":34}},"1":{"start":{"line":2,"column":15},"end":{"line":2,"column":31}},"2":{"start":{"line":3,"column":32},"end":{"line":3,"column":60}},"3":{"start":{"line":6,"column":0},"end":{"line":26,"column":3}},"4":{"start":{"line":7,"column":2},"end":{"line":25,"column":3}},"5":{"start":{"line":8,"column":17},"end":{"line":8,"column":33}},"6":{"start":{"line":10,"column":25},"end":{"line":10,"column":34}},"7":{"start":{"line":11,"column":18},"end":{"line":11,"column":22}},"8":{"start":{"line":13,"column":4},"end":{"line":16,"column":5}},"9":{"start":{"line":15,"column":6},"end":{"line":15,"column":90}},"10":{"start":{"line":15,"column":39},"end":{"line":15,"column":88}},"11":{"start":{"line":18,"column":4},"end":{"line":20,"column":5}},"12":{"start":{"line":19,"column":6},"end":{"line":19,"column":50}},"13":{"start":{"line":22,"column":4},"end":{"line":22,"column":22}},"14":{"start":{"line":24,"column":4},"end":{"line":24,"column":14}},"15":{"start":{"line":29,"column":0},"end":{"line":42,"column":3}},"16":{"start":{"line":30,"column":2},"end":{"line":41,"column":3}},"17":{"start":{"line":31,"column":17},"end":{"line":31,"column":33}},"18":{"start":{"line":32,"column":17},"end":{"line":32,"column":65}},"19":{"start":{"line":32,"column":32},"end":{"line":32,"column":64}},"20":{"start":{"line":33,"column":4},"end":{"line":37,"column":5}},"21":{"start":{"line":34,"column":18},"end":{"line":34,"column":45}},"22":{"start":{"line":35,"column":6},"end":{"line":35,"column":23}},"23":{"start":{"line":36,"column":6},"end":{"line":36,"column":16}},"24":{"start":{"line":38,"column":4},"end":{"line":38,"column":19}},"25":{"start":{"line":40,"column":4},"end":{"line":40,"column":14}},"26":{"start":{"line":45,"column":0},"end":{"line":78,"column":3}},"27":{"start":{"line":46,"column":2},"end":{"line":77,"column":3}},"28":{"start":{"line":48,"column":38},"end":{"line":48,"column":46}},"29":{"start":{"line":50,"column":4},"end":{"line":54,"column":5}},"30":{"start":{"line":51,"column":18},"end":{"line":51,"column":47}},"31":{"start":{"line":52,"column":6},"end":{"line":52,"column":23}},"32":{"start":{"line":53,"column":6},"end":{"line":53,"column":16}},"33":{"start":{"line":56,"column":17},"end":{"line":56,"column":49}},"34":{"start":{"line":57,"column":17},"end":{"line":57,"column":33}},"35":{"start":{"line":60,"column":16},"end":{"line":60,"column":17}},"36":{"start":{"line":61,"column":4},"end":{"line":63,"column":5}},"37":{"start":{"line":62,"column":6},"end":{"line":62,"column":53}},"38":{"start":{"line":62,"column":43},"end":{"line":62,"column":50}},"39":{"start":{"line":64,"column":4},"end":{"line":64,"column":24}},"40":{"start":{"line":65,"column":4},"end":{"line":65,"column":20}},"41":{"start":{"line":67,"column":4},"end":{"line":74,"column":5}},"42":{"start":{"line":68,"column":6},"end":{"line":68,"column":28}},"43":{"start":{"line":69,"column":6},"end":{"line":69,"column":33}},"44":{"start":{"line":71,"column":18},"end":{"line":71,"column":51}},"45":{"start":{"line":72,"column":6},"end":{"line":72,"column":23}},"46":{"start":{"line":73,"column":6},"end":{"line":73,"column":16}},"47":{"start":{"line":76,"column":4},"end":{"line":76,"column":14}},"48":{"start":{"line":80,"column":0},"end":{"line":80,"column":24}}},"fnMap":{"0":{"name":"(anonymous_0)","decl":{"start":{"line":6,"column":16},"end":{"line":6,"column":17}},"loc":{"start":{"line":6,"column":42},"end":{"line":26,"column":1}},"line":6},"1":{"name":"(anonymous_1)","decl":{"start":{"line":15,"column":31},"end":{"line":15,"column":32}},"loc":{"start":{"line":15,"column":39},"end":{"line":15,"column":88}},"line":15},"2":{"name":"(anonymous_2)","decl":{"start":{"line":29,"column":19},"end":{"line":29,"column":20}},"loc":{"start":{"line":29,"column":45},"end":{"line":42,"column":1}},"line":29},"3":{"name":"(anonymous_3)","decl":{"start":{"line":32,"column":27},"end":{"line":32,"column":28}},"loc":{"start":{"line":32,"column":32},"end":{"line":32,"column":64}},"line":32},"4":{"name":"(anonymous_4)","decl":{"start":{"line":45,"column":17},"end":{"line":45,"column":18}},"loc":{"start":{"line":45,"column":43},"end":{"line":78,"column":1}},"line":45},"5":{"name":"(anonymous_5)","decl":{"start":{"line":62,"column":35},"end":{"line":62,"column":36}},"loc":{"start":{"line":62,"column":43},"end":{"line":62,"column":50}},"line":62}},"branchMap":{"0":{"loc":{"start":{"line":13,"column":4},"end":{"line":16,"column":5}},"type":"if","locations":[{"start":{"line":13,"column":4},"end":{"line":16,"column":5}},{"start":{},"end":{}}],"line":13},"1":{"loc":{"start":{"line":18,"column":4},"end":{"line":20,"column":5}},"type":"if","locations":[{"start":{"line":18,"column":4},"end":{"line":20,"column":5}},{"start":{},"end":{}}],"line":18},"2":{"loc":{"start":{"line":33,"column":4},"end":{"line":37,"column":5}},"type":"if","locations":[{"start":{"line":33,"column":4},"end":{"line":37,"column":5}},{"start":{},"end":{}}],"line":33},"3":{"loc":{"start":{"line":50,"column":4},"end":{"line":54,"column":5}},"type":"if","locations":[{"start":{"line":50,"column":4},"end":{"line":54,"column":5}},{"start":{},"end":{}}],"line":50},"4":{"loc":{"start":{"line":61,"column":4},"end":{"line":63,"column":5}},"type":"if","locations":[{"start":{"line":61,"column":4},"end":{"line":63,"column":5}},{"start":{},"end":{}}],"line":61}},"s":{"0":1,"1":1,"2":1,"3":1,"4":6,"5":6,"6":5,"7":5,"8":5,"9":2,"10":10,"11":5,"12":3,"13":5,"14":1,"15":1,"16":3,"17":3,"18":3,"19":12,"20":3,"21":2,"22":2,"23":2,"24":1,"25":2,"26":1,"27":3,"28":3,"29":3,"30":1,"31":1,"32":1,"33":2,"34":2,"35":2,"36":2,"37":2,"38":10,"39":2,"40":2,"41":2,"42":2,"43":1,"44":1,"45":1,"46":1,"47":1,"48":1},"f":{"0":6,"1":10,"2":3,"3":12,"4":3,"5":10},"b":{"0":[2,3],"1":[3,2],"2":[2,1],"3":[1,2],"4":[2,0]},"_coverageSchema":"1a1c01bbd47fc00a2c39e90264f33305004495a9","hash":"5514c9018a8ad2653dc1605fc3f9bad000e07c6a"}
,"/Users/mac/Desktop/Github/home-ass-skill/backend/src/utils/items.js": {"path":"/Users/mac/Desktop/Github/home-ass-skill/backend/src/utils/items.js","statementMap":{"0":{"start":{"line":1,"column":13},"end":{"line":1,"column":28}},"1":{"start":{"line":2,"column":11},"end":{"line":2,"column":24}},"2":{"start":{"line":3,"column":18},"end":{"line":3,"column":66}},"3":{"start":{"line":7,"column":14},"end":{"line":7,"column":60}},"4":{"start":{"line":8,"column":2},"end":{"line":8,"column":25}},"5":{"start":{"line":13,"column":2},"end":{"line":13,"column":80}},"6":{"start":{"line":16,"column":0},"end":{"line":16,"column":41}}},"fnMap":{"0":{"name":"readData","decl":{"start":{"line":6,"column":15},"end":{"line":6,"column":23}},"loc":{"start":{"line":6,"column":26},"end":{"line":9,"column":1}},"line":6},"1":{"name":"writeData","decl":{"start":{"line":12,"column":15},"end":{"line":12,"column":24}},"loc":{"start":{"line":12,"column":31},"end":{"line":14,"column":1}},"line":12}},"branchMap":{},"s":{"0":1,"1":1,"2":1,"3":11,"4":10,"5":2,"6":1},"f":{"0":11,"1":2},"b":{},"_coverageSchema":"1a1c01bbd47fc00a2c39e90264f33305004495a9","hash":"f6e0fe3b9bb8efc34f615fed7629e751dd940864"}
}
