{"/Users/mac/Desktop/Github/home-ass-skill/backend/src/routes/items.js": {"path":"/Users/mac/Desktop/Github/home-ass-skill/backend/src/routes/items.js","statementMap":{"0":{"start":{"line":1,"column":16},"end":{"line":1,"column":34}},"1":{"start":{"line":2,"column":15},"end":{"line":2,"column":31}},"2":{"start":{"line":3,"column":32},"end":{"line":3,"column":60}},"3":{"start":{"line":6,"column":0},"end":{"line":45,"column":3}},"4":{"start":{"line":7,"column":2},"end":{"line":44,"column":3}},"5":{"start":{"line":8,"column":17},"end":{"line":8,"column":33}},"6":{"start":{"line":11,"column":39},"end":{"line":11,"column":48}},"7":{"start":{"line":13,"column":23},"end":{"line":13,"column":27}},"8":{"start":{"line":16,"column":4},"end":{"line":21,"column":5}},"9":{"start":{"line":17,"column":6},"end":{"line":20,"column":8}},"10":{"start":{"line":18,"column":8},"end":{"line":19,"column":80}},"11":{"start":{"line":24,"column":23},"end":{"line":24,"column":37}},"12":{"start":{"line":25,"column":24},"end":{"line":25,"column":39}},"13":{"start":{"line":26,"column":23},"end":{"line":26,"column":53}},"14":{"start":{"line":27,"column":21},"end":{"line":27,"column":45}},"15":{"start":{"line":30,"column":29},"end":{"line":30,"column":69}},"16":{"start":{"line":33,"column":23},"end":{"line":33,"column":42}},"17":{"start":{"line":34,"column":23},"end":{"line":34,"column":58}},"18":{"start":{"line":36,"column":4},"end":{"line":41,"column":7}},"19":{"start":{"line":43,"column":4},"end":{"line":43,"column":14}},"20":{"start":{"line":48,"column":0},"end":{"line":61,"column":3}},"21":{"start":{"line":49,"column":2},"end":{"line":60,"column":3}},"22":{"start":{"line":50,"column":17},"end":{"line":50,"column":33}},"23":{"start":{"line":51,"column":17},"end":{"line":51,"column":65}},"24":{"start":{"line":51,"column":32},"end":{"line":51,"column":64}},"25":{"start":{"line":52,"column":4},"end":{"line":56,"column":5}},"26":{"start":{"line":53,"column":18},"end":{"line":53,"column":45}},"27":{"start":{"line":54,"column":6},"end":{"line":54,"column":23}},"28":{"start":{"line":55,"column":6},"end":{"line":55,"column":16}},"29":{"start":{"line":57,"column":4},"end":{"line":57,"column":19}},"30":{"start":{"line":59,"column":4},"end":{"line":59,"column":14}},"31":{"start":{"line":64,"column":0},"end":{"line":97,"column":3}},"32":{"start":{"line":65,"column":2},"end":{"line":96,"column":3}},"33":{"start":{"line":67,"column":53},"end":{"line":67,"column":61}},"34":{"start":{"line":69,"column":4},"end":{"line":73,"column":5}},"35":{"start":{"line":70,"column":18},"end":{"line":70,"column":47}},"36":{"start":{"line":71,"column":6},"end":{"line":71,"column":23}},"37":{"start":{"line":72,"column":6},"end":{"line":72,"column":16}},"38":{"start":{"line":75,"column":17},"end":{"line":75,"column":64}},"39":{"start":{"line":76,"column":17},"end":{"line":76,"column":33}},"40":{"start":{"line":79,"column":16},"end":{"line":79,"column":17}},"41":{"start":{"line":80,"column":4},"end":{"line":82,"column":5}},"42":{"start":{"line":81,"column":6},"end":{"line":81,"column":53}},"43":{"start":{"line":81,"column":43},"end":{"line":81,"column":50}},"44":{"start":{"line":83,"column":4},"end":{"line":83,"column":24}},"45":{"start":{"line":84,"column":4},"end":{"line":84,"column":20}},"46":{"start":{"line":86,"column":4},"end":{"line":93,"column":5}},"47":{"start":{"line":87,"column":6},"end":{"line":87,"column":28}},"48":{"start":{"line":88,"column":6},"end":{"line":88,"column":33}},"49":{"start":{"line":90,"column":18},"end":{"line":90,"column":51}},"50":{"start":{"line":91,"column":6},"end":{"line":91,"column":23}},"51":{"start":{"line":92,"column":6},"end":{"line":92,"column":16}},"52":{"start":{"line":95,"column":4},"end":{"line":95,"column":14}},"53":{"start":{"line":99,"column":0},"end":{"line":99,"column":24}}},"fnMap":{"0":{"name":"(anonymous_0)","decl":{"start":{"line":6,"column":16},"end":{"line":6,"column":17}},"loc":{"start":{"line":6,"column":42},"end":{"line":45,"column":1}},"line":6},"1":{"name":"(anonymous_1)","decl":{"start":{"line":17,"column":33},"end":{"line":17,"column":34}},"loc":{"start":{"line":18,"column":8},"end":{"line":19,"column":80}},"line":18},"2":{"name":"(anonymous_2)","decl":{"start":{"line":48,"column":19},"end":{"line":48,"column":20}},"loc":{"start":{"line":48,"column":45},"end":{"line":61,"column":1}},"line":48},"3":{"name":"(anonymous_3)","decl":{"start":{"line":51,"column":27},"end":{"line":51,"column":28}},"loc":{"start":{"line":51,"column":32},"end":{"line":51,"column":64}},"line":51},"4":{"name":"(anonymous_4)","decl":{"start":{"line":64,"column":17},"end":{"line":64,"column":18}},"loc":{"start":{"line":64,"column":43},"end":{"line":97,"column":1}},"line":64},"5":{"name":"(anonymous_5)","decl":{"start":{"line":81,"column":35},"end":{"line":81,"column":36}},"loc":{"start":{"line":81,"column":43},"end":{"line":81,"column":50}},"line":81}},"branchMap":{"0":{"loc":{"start":{"line":11,"column":15},"end":{"line":11,"column":24}},"type":"default-arg","locations":[{"start":{"line":11,"column":23},"end":{"line":11,"column":24}}],"line":11},"1":{"loc":{"start":{"line":11,"column":26},"end":{"line":11,"column":34}},"type":"default-arg","locations":[{"start":{"line":11,"column":33},"end":{"line":11,"column":34}}],"line":11},"2":{"loc":{"start":{"line":16,"column":4},"end":{"line":21,"column":5}},"type":"if","locations":[{"start":{"line":16,"column":4},"end":{"line":21,"column":5}},{"start":{},"end":{}}],"line":16},"3":{"loc":{"start":{"line":18,"column":8},"end":{"line":19,"column":80}},"type":"binary-expr","locations":[{"start":{"line":18,"column":8},"end":{"line":18,"column":57}},{"start":{"line":19,"column":9},"end":{"line":19,"column":22}},{"start":{"line":19,"column":26},"end":{"line":19,"column":79}}],"line":18},"4":{"loc":{"start":{"line":52,"column":4},"end":{"line":56,"column":5}},"type":"if","locations":[{"start":{"line":52,"column":4},"end":{"line":56,"column":5}},{"start":{},"end":{}}],"line":52},"5":{"loc":{"start":{"line":69,"column":4},"end":{"line":73,"column":5}},"type":"if","locations":[{"start":{"line":69,"column":4},"end":{"line":73,"column":5}},{"start":{},"end":{}}],"line":69},"6":{"loc":{"start":{"line":80,"column":4},"end":{"line":82,"column":5}},"type":"if","locations":[{"start":{"line":80,"column":4},"end":{"line":82,"column":5}},{"start":{},"end":{}}],"line":80}},"s":{"0":1,"1":1,"2":1,"3":1,"4":6,"5":6,"6":5,"7":5,"8":5,"9":2,"10":10,"11":5,"12":5,"13":5,"14":5,"15":5,"16":5,"17":5,"18":5,"19":1,"20":1,"21":3,"22":3,"23":3,"24":12,"25":3,"26":2,"27":2,"28":2,"29":1,"30":2,"31":1,"32":3,"33":3,"34":3,"35":1,"36":1,"37":1,"38":2,"39":2,"40":2,"41":2,"42":2,"43":10,"44":2,"45":2,"46":2,"47":2,"48":1,"49":1,"50":1,"51":1,"52":1,"53":1},"f":{"0":6,"1":10,"2":3,"3":12,"4":3,"5":10},"b":{"0":[2],"1":[5],"2":[2,3],"3":[10,8,8],"4":[2,1],"5":[1,2],"6":[2,0]},"_coverageSchema":"1a1c01bbd47fc00a2c39e90264f33305004495a9","hash":"d1ad55a6d31c66e72594aea1304e285fc64b7461"}
,"/Users/mac/Desktop/Github/home-ass-skill/backend/src/utils/items.js": {"path":"/Users/mac/Desktop/Github/home-ass-skill/backend/src/utils/items.js","statementMap":{"0":{"start":{"line":1,"column":13},"end":{"line":1,"column":28}},"1":{"start":{"line":2,"column":11},"end":{"line":2,"column":24}},"2":{"start":{"line":3,"column":18},"end":{"line":3,"column":66}},"3":{"start":{"line":7,"column":14},"end":{"line":7,"column":60}},"4":{"start":{"line":8,"column":2},"end":{"line":8,"column":25}},"5":{"start":{"line":13,"column":2},"end":{"line":13,"column":80}},"6":{"start":{"line":16,"column":0},"end":{"line":16,"column":41}}},"fnMap":{"0":{"name":"readData","decl":{"start":{"line":6,"column":15},"end":{"line":6,"column":23}},"loc":{"start":{"line":6,"column":26},"end":{"line":9,"column":1}},"line":6},"1":{"name":"writeData","decl":{"start":{"line":12,"column":15},"end":{"line":12,"column":24}},"loc":{"start":{"line":12,"column":31},"end":{"line":14,"column":1}},"line":12}},"branchMap":{},"s":{"0":1,"1":1,"2":1,"3":11,"4":10,"5":2,"6":1},"f":{"0":11,"1":2},"b":{},"_coverageSchema":"1a1c01bbd47fc00a2c39e90264f33305004495a9","hash":"f6e0fe3b9bb8efc34f615fed7629e751dd940864"}
}
