TN:
SF:src/routes/items.js
FN:6,(anonymous_0)
FN:17,(anonymous_1)
FN:48,(anonymous_2)
FN:51,(anonymous_3)
FN:64,(anonymous_4)
FN:81,(anonymous_5)
FNF:6
FNH:6
FNDA:6,(anonymous_0)
FNDA:10,(anonymous_1)
FNDA:3,(anonymous_2)
FNDA:12,(anonymous_3)
FNDA:3,(anonymous_4)
FNDA:10,(anonymous_5)
DA:1,1
DA:2,1
DA:3,1
DA:6,1
DA:7,6
DA:8,6
DA:11,5
DA:13,5
DA:16,5
DA:17,2
DA:18,10
DA:24,5
DA:25,5
DA:26,5
DA:27,5
DA:30,5
DA:33,5
DA:34,5
DA:36,5
DA:43,1
DA:48,1
DA:49,3
DA:50,3
DA:51,12
DA:52,3
DA:53,2
DA:54,2
DA:55,2
DA:57,1
DA:59,2
DA:64,1
DA:65,3
DA:67,3
DA:69,3
DA:70,1
DA:71,1
DA:72,1
DA:75,2
DA:76,2
DA:79,2
DA:80,2
DA:81,10
DA:83,2
DA:84,2
DA:86,2
DA:87,2
DA:88,1
DA:90,1
DA:91,1
DA:92,1
DA:95,1
DA:99,1
LF:52
LH:52
BRDA:11,0,0,2
BRDA:11,1,0,5
BRDA:16,2,0,2
BRDA:16,2,1,3
BRDA:18,3,0,10
BRDA:18,3,1,8
BRDA:18,3,2,8
BRDA:52,4,0,2
BRDA:52,4,1,1
BRDA:69,5,0,1
BRDA:69,5,1,2
BRDA:80,6,0,2
BRDA:80,6,1,0
BRF:13
BRH:12
end_of_record
TN:
SF:src/utils/items.js
FN:6,readData
FN:12,writeData
FNF:2
FNH:2
FNDA:11,readData
FNDA:2,writeData
DA:1,1
DA:2,1
DA:3,1
DA:7,11
DA:8,10
DA:13,2
DA:16,1
LF:7
LH:7
BRF:0
BRH:0
end_of_record
