TN:
SF:src/routes/items.js
FN:6,(anonymous_0)
FN:15,(anonymous_1)
FN:29,(anonymous_2)
FN:32,(anonymous_3)
FN:45,(anonymous_4)
FN:54,(anonymous_5)
FNF:6
FNH:6
FNDA:6,(anonymous_0)
FNDA:10,(anonymous_1)
FNDA:3,(anonymous_2)
FNDA:12,(anonymous_3)
FNDA:3,(anonymous_4)
FNDA:15,(anonymous_5)
DA:1,1
DA:2,1
DA:3,1
DA:6,1
DA:7,6
DA:8,6
DA:10,5
DA:11,5
DA:13,5
DA:15,10
DA:18,5
DA:19,3
DA:22,5
DA:24,1
DA:29,1
DA:30,3
DA:31,3
DA:32,12
DA:33,3
DA:34,2
DA:35,2
DA:36,2
DA:38,1
DA:40,2
DA:45,1
DA:46,3
DA:48,3
DA:49,3
DA:52,3
DA:53,3
DA:54,15
DA:56,3
DA:57,3
DA:58,3
DA:59,0
DA:61,3
DA:65,1
LF:37
LH:36
BRDA:13,0,0,2
BRDA:13,0,1,3
BRDA:18,1,0,3
BRDA:18,1,1,2
BRDA:33,2,0,2
BRDA:33,2,1,1
BRDA:53,3,0,3
BRDA:53,3,1,0
BRF:8
BRH:7
end_of_record
TN:
SF:src/utils/items.js
FN:6,readData
FN:12,writeData
FNF:2
FNH:2
FNDA:12,readData
FNDA:3,writeData
DA:1,1
DA:2,1
DA:3,1
DA:7,12
DA:8,11
DA:13,3
DA:16,1
LF:7
LH:7
BRF:0
BRH:0
end_of_record
